Gestartet durch Benutzer [8mha:AAAAlh+LCAAAAAAAAP9b85aBtbiIQTGjNKU4P08vOT+vOD8nVc83PyU1x6OyILUoJzMv2y+/JJUBAhiZGBgqihhk0NSjKDWzXb3RdlLBUSYGJk8GtpzUvPSSDB8G5tKinBIGIZ+sxLJE/ZzEvHT94JKizLx0a6BxUmjGOUNodHsLgAzOEgYu/dLi1CL9vNKcHACFIKlWvwAAAA==[0manonymous
BuildingJDK kann nicht automatisch installiert werden, solange die Lizenzvereinbarung nicht akzeptiert wurde. 
 in workspace /home/pi/build
JDK kann nicht automatisch installiert werden, solange die Lizenzvereinbarung nicht akzeptiert wurde. 
[build] $ /bin/sh -xe /tmp/hudson8410465701031535821.sh
+ cd library
+ make -f makelib_armv7.mk all GCC_LIB_DIR=/home/pi/orcos_arm LIBC_DIR=/home/pi/orcos_arm CC=/usr/bin/gcc CXX=/usr/bin/c++ AS=/usr/bin/as AR=/usr/bin/ar SIZE=/usr/bin/size OBJDUMP=/usr/bin/objdump LD=/usr/bin/ld OBJCOPY=/usr/bin/objcopy STRIP=/usr/bin/strip KERNEL_LIB_DIR=/home/pi/build/library/bin/armv7/ CFLAGS=-c -I/home/pi/build/library/inc/ -msoft-float -fno-exceptions -fno-rtti -O2 -mthumb -ffunction-sections OPT_FLAGS=-O2 -mthumb -mcpu=cortex-a8  -mthumb-interwork -DARM_THUMB=1 USER_LIB_OPT_FLAGS=-O2 -mcpu=cortex-a8

----------------------------------
     Checking for tools
----------------------------------
java version "1.7.0_45"
Java(TM) SE Runtime Environment (build 1.7.0_45-b18)
Java HotSpot(TM) Client VM (build 24.45-b08, mixed mode)
All tools installed...
Please be sure to use relative path names for WINDOWS/CYGIN
------------------------------------------
 Building ORCOS Syscall Library for ARMv7
------------------------------------------
[htmlpublisher] Archiving HTML reports...
JDK kann nicht automatisch installiert werden, solange die Lizenzvereinbarung nicht akzeptiert wurde. 
[htmlpublisher] Archiving at PROJECT level /home/pi/build_reports to /var/lib/jenkins/jobs/ORCOS SyscallLibrary (armv7)/htmlreports/HTML_Report
JDK kann nicht automatisch installiert werden, solange die Lizenzvereinbarung nicht akzeptiert wurde. 
ERROR: Directory '/home/pi/build_reports' exists but failed copying to '/var/lib/jenkins/jobs/ORCOS SyscallLibrary (armv7)/htmlreports/HTML_Report'.
[8mha:AAAAWB+LCAAAAAAAAP9b85aBtbiIQSmjNKU4P08vOT+vOD8nVc8DzHWtSE4tKMnMz/PLL0ldFVf2c+b/lb5MDAwVRQxSaBqcITRIIQMEMIIUFgAAckCEiWAAAAA=[0mERROR: This is especially strange since your build otherwise succeeded.
[8mha:AAAAWB+LCAAAAAAAAP9b85aBtbiIQSmjNKU4P08vOT+vOD8nVc8DzHWtSE4tKMnMz/PLL0ldFVf2c+b/lb5MDAwVRQxSaBqcITRIIQMEMIIUFgAAckCEiWAAAAA=[0mBuild step 'Publish HTML reports' changed build result to FAILURE
Finished: FAILURE
