Gestartet durch vorgelagertes Projekt "[8mha:AAAApB+LCAAAAAAAAP9b85aBtbiIQTGjNKU4P08vOT+vOD8nVc83PyU1x6OyILUoJzMv2y+/JJUBAhiZGBgqihhk0NSjKDWzXb3RdlLBUSYGJk8GtpzUvPSSDB8G5tKinBIGIZ+sxLJE/ZzEvHT94JKizLx0a6BxUmjGOUNodHsLgAz+EgZJ/az8JH3/IGf/YFUjA/fMEiDpnJOfl6oPAGrAXgXOAAAA[0mORCOS Git Clone", Build [8mha:AAAAph+LCAAAAAAAAP9b85aBtbiIQTGjNKU4P08vOT+vOD8nVc83PyU1x6OyILUoJzMv2y+/JJUBAhiZGBgqihhk0NSjKDWzXb3RdlLBUSYGJk8GtpzUvPSSDB8G5tKinBIGIZ+sxLJE/ZzEvHT94JKizLx0a6BxUmjGOUNodHsLgAymEgZp/az8JH3/IGf/YFUjA/fMEiDpnJOfl6pvbggAFQFaxdAAAAA=[0m71
originally caused by:
 Build wurde zeitgesteuert ausgelÃ¶st.
Building in workspace /home/pi/build
[build] $ /bin/sh -xe /tmp/hudson4952527644500439436.sh
+ cd configurations/BeBot/Prototype/
+ make scl GCC_LIB_DIR=/home/pi/orcos_arm LIBC_DIR=/home/pi/orcos_arm CC=/usr/bin/gcc CXX=/usr/bin/c++ AS=/usr/bin/as AR=/usr/bin/ar SIZE=/usr/bin/size OBJDUMP=/usr/bin/objdump LD=/usr/bin/ld OBJCOPY=/usr/bin/objcopy STRIP=/usr/bin/strip KERNEL_DIR=/home/pi/build/source/ KERNEL_LIB_DIR=/home/pi/build/library/bin/armv7/ OPT_FLAGS=-O2 -mthumb -mcpu=cortex-a8  -mthumb-interwork -DARM_THUMB=1
----------------- SCLTool -------------------
kernel.mk: Reading config file SCLConfig.xml
Transforming file: /home/pi/build/configurations/BeBot/Prototype/SCLConfig.xml
Using XSD file: /home/pi/build/configurations/BeBot/Prototype/../../../tools/SCL/dist/scl2.xsd
SCL configuration is valid!
Checking Superclass: arch/ARM/ARMv4T/ARMv7/Omap3530/BeBot/BeBot
Checked member: Timer ::= arch/ARM/ARMv4T/ARMv7/Omap3530/BeagleBoardGPTimer2
Checked member: HatLayer ::= arch/ARM/ARMv4T/ARMv7/ARMv7HatLayer
Checked member: Clock ::= arch/ARM/ARMv4T/ARMv7/Omap3530/Omap3530Clock
Checked member: Processor ::= arch/ARM/ARMv4T/ARMv4TProcessor
Checked member: UART ::= arch/ARM/ARMv4T/ARMv7/Omap3530/BeagleBoardUART
Checked member: UART2 ::= arch/ARM/ARMv4T/ARMv7/Omap3530/Omap3530i2c
Checked member: GPIO1 ::= arch/ARM/ARMv4T/ARMv7/Omap3530/OmapGPIO
Checked member: GPIO2 ::= arch/none/DummyCharDriver
Checked member: GPIO3 ::= arch/none/DummyCharDriver
Checked member: GPIO4 ::= arch/none/DummyCharDriver
Checked member: GPIO5 ::= arch/none/DummyCharDriver
Checked member: GPIO6 ::= arch/none/DummyCharDriver
Checked member: USB_HC ::= arch/ARM/ARMv4T/ARMv7/Omap3530/HighSpeedUSBHostController
Checked member: InterruptHandler ::= arch/ARM/ARMv4T/ARMv4TInterruptHandler
Checked member: InterruptController ::= arch/ARM/ARMv4T/ARMv7/Omap3530/BeagleBoardInterruptController
Checked member: ExtPowerControl ::= arch/ARM/ARMv4T/ARMv7/Omap3530/TWL4030
Checked member: MMC ::= arch/ARM/ARMv4T/ARMv7/Omap3530/OmapMMC_SD_HC
Checked member: Watchdog ::= arch/none/DummyWatchdog
Checked member: HCI ::= arch/none/DummyCharDriver
Checked member: LED ::= arch/ARM/ARMv4T/ARMv7/Omap3530/BeBot/Omap3530_BebotLED
Superclass #define created for: arch/ARM/ARMv4T/ARMv7/Omap3530/BeBot/BeBot
ARCH_DIR: arch/ARM/ARMv4T/ARMv7/Omap3530/BeBot
Processing 'Timer' (arch/ARM/ARMv4T/ARMv7/Omap3530/BeagleBoardGPTimer2)
Processing 'HatLayer' (arch/ARM/ARMv4T/ARMv7/ARMv7HatLayer)
Processing 'Clock' (arch/ARM/ARMv4T/ARMv7/Omap3530/Omap3530Clock)
Processing 'Processor' (arch/ARM/ARMv4T/ARMv4TProcessor)
Processing 'UART' (arch/ARM/ARMv4T/ARMv7/Omap3530/BeagleBoardUART)
Processing 'UART2' (arch/ARM/ARMv4T/ARMv7/Omap3530/Omap3530i2c)
Processing 'GPIO1' (arch/ARM/ARMv4T/ARMv7/Omap3530/OmapGPIO)
Processing 'GPIO2' (arch/none/DummyCharDriver)
Processing 'GPIO3' (arch/none/DummyCharDriver)
Processing 'GPIO4' (arch/none/DummyCharDriver)
Processing 'GPIO5' (arch/none/DummyCharDriver)
Processing 'GPIO6' (arch/none/DummyCharDriver)
Processing 'USB_HC' (arch/ARM/ARMv4T/ARMv7/Omap3530/HighSpeedUSBHostController)
Processing 'InterruptHandler' (arch/ARM/ARMv4T/ARMv4TInterruptHandler)
Processing 'InterruptController' (arch/ARM/ARMv4T/ARMv7/Omap3530/BeagleBoardInterruptController)
Processing 'ExtPowerControl' (arch/ARM/ARMv4T/ARMv7/Omap3530/TWL4030)
Processing 'MMC' (arch/ARM/ARMv4T/ARMv7/Omap3530/OmapMMC_SD_HC)
Processing 'Watchdog' (arch/none/DummyWatchdog)
Processing 'HCI' (arch/none/DummyCharDriver)
Processing 'LED' (arch/ARM/ARMv4T/ARMv7/Omap3530/BeBot/Omap3530_BebotLED)
Checking Superclass: kernel/Kernel
Checked member: MemoryManager ::= mem/SequentialFitMemManager
Checked member: Thread ::= process/RealTimeThread
Checked member: Dispatcher ::= scheduler/SingleCPUDispatcher
Checked member: Scheduler ::= scheduler/EarliestDeadlineFirstThreadScheduler
Checked member: Logger ::= debug/Logger
Checked member: PowerManager ::= hal/PowerManager
Checked member: TaskManager ::= process/TaskManager
Checked member: MigrationManager ::= migration/MigrationManager
Checked member: ServiceDiscovery ::= comm/servicediscovery/SNServiceDiscovery
Superclass #define created for: kernel/Kernel
Processing 'MemoryManager' (mem/SequentialFitMemManager)
Processing 'Thread' (process/RealTimeThread)
Processing 'Dispatcher' (scheduler/SingleCPUDispatcher)
Processing 'Scheduler' (scheduler/EarliestDeadlineFirstThreadScheduler)
Processing 'Logger' (debug/Logger)
Processing 'PowerManager' (hal/PowerManager)
Processing 'TaskManager' (process/TaskManager)
Processing 'MigrationManager' (migration/MigrationManager)
Processing 'ServiceDiscovery' (comm/servicediscovery/SNServiceDiscovery)
Checking Superclass: syscalls/SyscallManager
Superclass #define created for: syscalls/SyscallManager
Processing 'sleep' ()
Processing 'thread_create' ()
Processing 'thread_run' ()
Processing 'thread_self' ()
Processing 'thread_yield' ()
Processing 'signal_wait' ()
Processing 'signal_signal' ()
Processing 'fputc' ()
Processing 'fgetc' ()
Processing 'fcreate' ()
Processing 'fopen' ()
Processing 'fclose' ()
Processing 'fwrite' ()
Processing 'fread' ()
Processing 'new' ()
Processing 'delete' ()
Processing 'socket' ()
Processing 'connect' ()
Processing 'listen' ()
Processing 'bind' ()
Processing 'sendto' ()
Processing 'recv' ()
Processing 'task_stop' ()
Processing 'task_resume' ()
Processing 'ioctl' ()
Files written to: /home/pi/build/configurations/BeBot/Prototype
Configuration valid! Files created for compilation.
---------------------------------------------

+ make all GCC_LIB_DIR=/home/pi/orcos_arm LIBC_DIR=/home/pi/orcos_arm CC=/usr/bin/gcc CXX=/usr/bin/c++ AS=/usr/bin/as AR=/usr/bin/ar SIZE=/usr/bin/size OBJDUMP=/usr/bin/objdump LD=/usr/bin/ld OBJCOPY=/usr/bin/objcopy STRIP=/usr/bin/strip KERNEL_DIR=/home/pi/build/source/ KERNEL_LIB_DIR=/home/pi/build/library/bin/armv7/ OPT_FLAGS=-O2 -mthumb -mcpu=cortex-a8  -mthumb-interwork -DARM_THUMB=1

----------------------------------
     Checking for tools
----------------------------------
java version "1.7.0_45"
Java(TM) SE Runtime Environment (build 1.7.0_45-b18)
Java HotSpot(TM) Client VM (build 24.45-b08, mixed mode)
All tools installed...

Please be sure to use relative path names for WINDOWS/CYGIN
----------------------------------
     Building Modules
----------------------------------
----------------------------------
     Building the Kernel
----------------------------------
kernel.mk[AS] : Assembling output/_startup.o
kernel.mk[AS] : Assembling output/tasktable.o
kernel.mk[C++]: Compiling output/BeagleBoardGPTimer2.o
kernel.mk[C++]: Compiling output/Omap3530Clock.o
kernel.mk[C++]: Compiling output/ARMv4TProcessor.o
kernel.mk[C++]: Compiling output/BeagleBoardUART.o
kernel.mk[C++]: Compiling output/Omap3530i2c.o
kernel.mk[C++]: Compiling output/ARMv4TInterruptHandler.o
kernel.mk[C++]: Compiling output/BeagleBoardInterruptController.o
kernel.mk[C++]: Compiling output/TWL4030.o
kernel.mk[C++]: Compiling output/Omap3530_BebotLED.o
kernel.mk[AS] : Assembling output/ARMv4TInterruptHandlerHooks.o
kernel.mk[C++]: Compiling output/BeBot.o
kernel.mk[C++]: Compiling output/handleInterrupt.o
kernel.mk[C++]: Compiling output/assemblerFunctions.o
kernel.mk[C++]: Compiling output/startThread.o
kernel.mk[C++]: Compiling output/__cxa_pure_virtual.o
kernel.mk[C++]: Compiling output/ProtocolPool.o
kernel.mk[C++]: Compiling output/TCPTransportProtocol.o
kernel.mk[C++]: Compiling output/IPv4AddressProtocol.o
kernel.mk[C] : Compiling output/etharp.o
kernel.mk[C] : Compiling output/ethernet.o
kernel.mk[C] : Compiling output/ip.o
/home/pi/build/source/comm/lwip/core/ip.c: In function â€˜IPH_PROTOâ€™:
/home/pi/build/source/comm/lwip/core/ip.c:120:29: warning: statement with no effect [-Wunused-value]
/home/pi/build/source/comm/lwip/core/ip.c:122:1: warning: control reaches end of non-void function [-Wreturn-type]
kernel.mk[C] : Compiling output/init.o
kernel.mk[C] : Compiling output/mem.o
kernel.mk[C] : Compiling output/memp.o
kernel.mk[C] : Compiling output/pbuf.o
kernel.mk[C] : Compiling output/netif.o
kernel.mk[C] : Compiling output/udp.o
kernel.mk[C] : Compiling output/tcp.o
kernel.mk[C] : Compiling output/sys.o
kernel.mk[C] : Compiling output/inet.o
kernel.mk[C] : Compiling output/ip4_addr.o
kernel.mk[C] : Compiling output/ip4.o
kernel.mk[C] : Compiling output/ip4_frag.o
kernel.mk[C] : Compiling output/tcp_in.o
kernel.mk[C] : Compiling output/tcp_out.o
kernel.mk[C] : Compiling output/stats.o
kernel.mk[C] : Compiling output/icmp.o
kernel.mk[C] : Compiling output/ip6_addr.o
kernel.mk[C] : Compiling output/ip6.o
kernel.mk[C] : Compiling output/dhcp.o
kernel.mk[C] : Compiling output/icmp6.o
kernel.mk[C] : Compiling output/ethar.o
kernel.mk[C] : Compiling output/ethndp.o
kernel.mk[C++]: Compiling output/lwipTMR.o
kernel.mk[C++]: Compiling output/WorkerThread.o
kernel.mk[C++]: Compiling output/WorkerTask.o
kernel.mk[C] : Compiling output/crc32.o
kernel.mk[C++]: Compiling output/USBEHCIHostController.o
/home/pi/build/source/arch/shared/USBEHCIHostController.cc: In member function â€˜ErrorT USBDevice::activateEndpoint(int, QH*, qTD*)â€™:
/home/pi/build/source/arch/shared/USBEHCIHostController.cc:1270:55: error: â€˜class SequentialFitMemManagerâ€™ has no member named â€˜allociâ€™
/home/pi/build/source/arch/shared/USBEHCIHostController.cc:1302:45: error: â€˜class SequentialFitMemManagerâ€™ has no member named â€˜allociâ€™
/home/pi/build/source/arch/shared/USBEHCIHostController.cc:1315:70: error: â€˜class SequentialFitMemManagerâ€™ has no member named â€˜allociâ€™
make[1]: *** [output/USBEHCIHostController.o] Fehler 1
make: *** [all] Fehler 2
Build step 'Shell ausfÃ¼hren' marked build as failure
Finished: FAILURE
